<?xml version="1.0" encoding="UTF-8"?>
<!-- Generated by org.testng.reporters.JUnitXMLReporter -->
<testsuite ignored="4" hostname="LAPTOP-DM5KNK8G" failures="3" tests="7" name="Product" time="17.297" errors="0" timestamp="2025-08-12T17:24:35 EEST">
  <testcase classname="Tests.ProducteHappyScenario" name="CheckallFeildAreWorkCorrectly" time="2.827"/>
  <testcase classname="Tests.ProducteHappyScenario" name="CategoryCheck" time="4.365"/>
  <testcase classname="Tests.ProducteHappyScenario" name="checkBrandProducts" time="2.4"/>
  <testcase classname="Tests.ProducteHappyScenario" name="HoverCard" time="3.133"/>
  <testcase classname="Tests.QuantityPositive" name="QuantityValidValue" time="0.004">
    <failure type="java.lang.NullPointerException" message="Cannot invoke &amp;quot;org.openqa.selenium.SearchContext.findElement(org.openqa.selenium.By)&amp;quot; because &amp;quot;this.searchContext&amp;quot; is null">
      <![CDATA[java.lang.NullPointerException: Cannot invoke "org.openqa.selenium.SearchContext.findElement(org.openqa.selenium.By)" because "this.searchContext" is null
at org.openqa.selenium.support.pagefactory.DefaultElementLocator.findElement(DefaultElementLocator.java:68)
at org.openqa.selenium.support.pagefactory.internal.LocatingElementHandler.invoke(LocatingElementHandler.java:38)
at jdk.proxy2/jdk.proxy2.$Proxy13.isDisplayed(Unknown Source)
at org.openqa.selenium.support.ui.ExpectedConditions.elementIfVisible(ExpectedConditions.java:304)
at org.openqa.selenium.support.ui.ExpectedConditions$10.apply(ExpectedConditions.java:290)
at org.openqa.selenium.support.ui.ExpectedConditions$10.apply(ExpectedConditions.java:287)
at org.openqa.selenium.support.ui.ExpectedConditions$23.apply(ExpectedConditions.java:656)
at org.openqa.selenium.support.ui.ExpectedConditions$23.apply(ExpectedConditions.java:652)
at org.openqa.selenium.support.ui.FluentWait.until(FluentWait.java:203)
at Tests.QuantityPositive.QuantityValidValue(QuantityPositive.java:31)
at java.base/java.util.ArrayList.forEach(ArrayList.java:1604)
... Removed 25 stack frames]]>
    </failure>
  </testcase> <!-- QuantityValidValue -->
  <testcase classname="Tests.searchPoitiveData" name="searchProduct" time="0.004">
    <failure type="java.lang.NullPointerException" message="Cannot invoke &amp;quot;org.openqa.selenium.SearchContext.findElement(org.openqa.selenium.By)&amp;quot; because &amp;quot;this.searchContext&amp;quot; is null">
      <![CDATA[java.lang.NullPointerException: Cannot invoke "org.openqa.selenium.SearchContext.findElement(org.openqa.selenium.By)" because "this.searchContext" is null
at org.openqa.selenium.support.pagefactory.DefaultElementLocator.findElement(DefaultElementLocator.java:68)
at org.openqa.selenium.support.pagefactory.internal.LocatingElementHandler.invoke(LocatingElementHandler.java:38)
at jdk.proxy2/jdk.proxy2.$Proxy13.click(Unknown Source)
at Pages.HomePage.goToProductPage(HomePage.java:23)
at Tests.searchPoitiveData.searchProduct(searchPoitiveData.java:29)
at java.base/java.util.ArrayList.forEach(ArrayList.java:1604)
... Removed 25 stack frames]]>
    </failure>
  </testcase> <!-- searchProduct -->
  <testcase classname="Tests.searchPoitiveData" name="searchProduct" time="0.003">
    <failure type="java.lang.NullPointerException" message="Cannot invoke &amp;quot;org.openqa.selenium.SearchContext.findElement(org.openqa.selenium.By)&amp;quot; because &amp;quot;this.searchContext&amp;quot; is null">
      <![CDATA[java.lang.NullPointerException: Cannot invoke "org.openqa.selenium.SearchContext.findElement(org.openqa.selenium.By)" because "this.searchContext" is null
at org.openqa.selenium.support.pagefactory.DefaultElementLocator.findElement(DefaultElementLocator.java:68)
at org.openqa.selenium.support.pagefactory.internal.LocatingElementHandler.invoke(LocatingElementHandler.java:38)
at jdk.proxy2/jdk.proxy2.$Proxy13.click(Unknown Source)
at Pages.HomePage.goToProductPage(HomePage.java:23)
at Tests.searchPoitiveData.searchProduct(searchPoitiveData.java:29)
at java.base/java.util.ArrayList.forEach(ArrayList.java:1604)
... Removed 25 stack frames]]>
    </failure>
  </testcase> <!-- searchProduct -->
  <testcase classname="Tests.TestBase" name="@BeforeTest openWebSite" time="0.0">
    <ignored/>
  </testcase> <!-- @BeforeTest openWebSite -->
  <testcase classname="Tests.TestBase" name="@AfterTest closeWebSite" time="0.0">
    <ignored/>
  </testcase> <!-- @AfterTest closeWebSite -->
  <testcase classname="Tests.TestBase" name="@BeforeTest openWebSite" time="0.0">
    <ignored/>
  </testcase> <!-- @BeforeTest openWebSite -->
  <testcase classname="Tests.TestBase" name="@AfterTest closeWebSite" time="0.0">
    <ignored/>
  </testcase> <!-- @AfterTest closeWebSite -->
</testsuite> <!-- Product -->
