<?xml version="1.0" encoding="UTF-8"?>
<!-- Generated by org.testng.reporters.JUnitXMLReporter -->
<testsuite ignored="0" hostname="LAPTOP-DM5KNK8G" failures="2" tests="4" name="ProductHappy" time="22.62" errors="0" timestamp="2025-08-12T15:51:19 EEST">
  <testcase classname="Tests.ProducteHappyScenario" name="CheckallFeildAreWorkCorrectly" time="4.975"/>
  <testcase classname="Tests.ProducteHappyScenario" name="CategoryCheck" time="5.262"/>
  <testcase classname="Tests.ProducteHappyScenario" name="checkBrandProducts" time="1.901">
    <failure type="java.lang.AssertionError" message="expected [BRAND - POLO PRODUCTS] but found [BRAND -  POLO PRODUCTS]">
      <![CDATA[java.lang.AssertionError: expected [BRAND - POLO PRODUCTS] but found [BRAND -  POLO PRODUCTS]
at Tests.ProducteHappyScenario.checkBrandProducts(ProducteHappyScenario.java:63)
at java.base/java.util.ArrayList.forEach(ArrayList.java:1604)
... Removed 31 stack frames]]>
    </failure>
  </testcase> <!-- checkBrandProducts -->
  <testcase classname="Tests.ProducteHappyScenario" name="HoverCard" time="1.643">
    <failure type="java.lang.AssertionError" message="expected [Rs. 500] but found [Rs. 400]">
      <![CDATA[java.lang.AssertionError: expected [Rs. 500] but found [Rs. 400]
at Tests.ProducteHappyScenario.HoverCard(ProducteHappyScenario.java:83)
at java.base/java.util.ArrayList.forEach(ArrayList.java:1604)
... Removed 31 stack frames]]>
    </failure>
  </testcase> <!-- HoverCard -->
</testsuite> <!-- ProductHappy -->
